2026-03-05 20:05:56,580 [INFO] Activator:176 - 


2026-03-05 20:05:56,582 [INFO] Activator:177 - !SESSION log4j initialized
2026-03-05 20:05:59,149 [INFO] LogOutputStream:77 - [STDOUT_REDIRECT] 
2026-03-05 20:06:00,660 [INFO] ApplicationProperties:184 - Using Application install path: C:\ST\STM32CubeIDE_1.19.0\STM32CubeIDE\plugins\com.st.stm32cube.common.mx_6.15.0.202507011659
2026-03-05 20:06:00,673 [INFO] DbMcusXml:78 - Set database path to: C:\ST\STM32CubeIDE_1.19.0\STM32CubeIDE\plugins\com.st.stm32cube.common.mx_6.15.0.202507011659\\db\/mcu/
2026-03-05 20:06:00,673 [INFO] ApiDb:274 - Set plugin database path to: C:\ST\STM32CubeIDE_1.19.0\STM32CubeIDE\plugins\com.st.stm32cube.common.mx_6.15.0.202507011659\\db\/plugins/boardmanager/
2026-03-05 20:06:00,674 [WARN] ApiDb:259 - Overriding images path with different value:  => C:\ST\STM32CubeIDE_1.19.0\STM32CubeIDE\plugins\com.st.stm32cube.common.mx_6.15.0.202507011659\\db\/plugins/mcufinder/images/
2026-03-05 20:06:00,678 [INFO] ApiDb:250 - Set database path to: C:\Users\norbe\.stmcufinder\plugins\mcufinder//mcu/
2026-03-05 20:06:00,678 [INFO] DbMcusAds:125 - Set database path to: C:\Users\norbe\.stmcufinder\plugins\mcufinder//mcu/
2026-03-05 20:06:00,680 [INFO] CrossReferenceDbSqlite:203 - Set database path to: C:\Users\norbe\.stmcufinder\plugins\mcufinder//mcu/cs/
2026-03-05 20:06:00,769 [INFO] RulesReader:64 - Compatibility file has been processed (317 Rules)
2026-03-05 20:06:00,828 [INFO] DbMcusXml:78 - Set database path to: C:\ST\STM32CubeIDE_1.19.0\STM32CubeIDE\plugins\com.st.stm32cube.common.mx_6.15.0.202507011659\\db\/mcu/
2026-03-05 20:06:00,828 [INFO] ApiDb:274 - Set plugin database path to: C:\ST\STM32CubeIDE_1.19.0\STM32CubeIDE\plugins\com.st.stm32cube.common.mx_6.15.0.202507011659\\db\/plugins/boardmanager/
2026-03-05 20:06:00,828 [INFO] ApiDb:261 - Set plugin images path to: C:\ST\STM32CubeIDE_1.19.0\STM32CubeIDE\plugins\com.st.stm32cube.common.mx_6.15.0.202507011659\\db\/plugins/mcufinder/images/
2026-03-05 20:06:00,829 [WARN] DbFile:41 - Overriding database path with different value: C:\Users\norbe\.stmcufinder\plugins\mcufinder/ => C:\Users\norbe\.stmcufinder\plugins\mcufinder
2026-03-05 20:06:00,829 [INFO] ApiDb:250 - Set database path to: C:\Users\norbe\.stmcufinder\plugins\mcufinder//mcu/
2026-03-05 20:06:00,829 [WARN] DbFile:41 - Overriding database path with different value: C:\Users\norbe\.stmcufinder\plugins\mcufinder/ => C:\Users\norbe\.stmcufinder\plugins\mcufinder
2026-03-05 20:06:00,829 [INFO] DbMcusAds:125 - Set database path to: C:\Users\norbe\.stmcufinder\plugins\mcufinder//mcu/
2026-03-05 20:06:00,829 [WARN] DbFile:41 - Overriding database path with different value: C:\Users\norbe\.stmcufinder\plugins\mcufinder/ => C:\Users\norbe\.stmcufinder\plugins\mcufinder
2026-03-05 20:06:00,829 [WARN] DbFile:41 - Overriding database path with different value: C:\Users\norbe\.stmcufinder\plugins\mcufinder/ => C:\Users\norbe\.stmcufinder\plugins\mcufinder
2026-03-05 20:06:00,829 [INFO] CrossReferenceDbSqlite:203 - Set database path to: C:\Users\norbe\.stmcufinder\plugins\mcufinder//mcu/cs/
2026-03-05 20:06:00,899 [INFO] MainPanel:274 - HeapMemory: 268435456
2026-03-05 20:06:00,963 [INFO] DbMcusXml:78 - Set database path to: C:\ST\STM32CubeIDE_1.19.0\STM32CubeIDE\plugins\com.st.stm32cube.common.mx_6.15.0.202507011659\\db\/mcu/
2026-03-05 20:06:00,963 [INFO] ApiDb:274 - Set plugin database path to: C:\ST\STM32CubeIDE_1.19.0\STM32CubeIDE\plugins\com.st.stm32cube.common.mx_6.15.0.202507011659\\db\/plugins/boardmanager/
2026-03-05 20:06:00,963 [INFO] ApiDb:261 - Set plugin images path to: C:\ST\STM32CubeIDE_1.19.0\STM32CubeIDE\plugins\com.st.stm32cube.common.mx_6.15.0.202507011659\\db\/plugins/mcufinder/images/
2026-03-05 20:06:00,963 [WARN] DbFile:41 - Overriding database path with different value: C:\Users\norbe\.stmcufinder\plugins\mcufinder/ => C:\Users\norbe\.stmcufinder\plugins\mcufinder
2026-03-05 20:06:00,963 [INFO] ApiDb:250 - Set database path to: C:\Users\norbe\.stmcufinder\plugins\mcufinder//mcu/
2026-03-05 20:06:00,963 [WARN] DbFile:41 - Overriding database path with different value: C:\Users\norbe\.stmcufinder\plugins\mcufinder/ => C:\Users\norbe\.stmcufinder\plugins\mcufinder
2026-03-05 20:06:00,964 [INFO] DbMcusAds:125 - Set database path to: C:\Users\norbe\.stmcufinder\plugins\mcufinder//mcu/
2026-03-05 20:06:00,964 [WARN] DbFile:41 - Overriding database path with different value: C:\Users\norbe\.stmcufinder\plugins\mcufinder/ => C:\Users\norbe\.stmcufinder\plugins\mcufinder
2026-03-05 20:06:00,964 [WARN] DbFile:41 - Overriding database path with different value: C:\Users\norbe\.stmcufinder\plugins\mcufinder/ => C:\Users\norbe\.stmcufinder\plugins\mcufinder
2026-03-05 20:06:00,964 [INFO] CrossReferenceDbSqlite:203 - Set database path to: C:\Users\norbe\.stmcufinder\plugins\mcufinder//mcu/cs/
2026-03-05 20:06:00,977 [INFO] ApplicationProperties:184 - Using Application install path: C:\ST\STM32CubeIDE_1.19.0\STM32CubeIDE\plugins\com.st.stm32cube.common.mx_6.15.0.202507011659
2026-03-05 20:06:00,979 [INFO] PluginManage:196 - Search for loadable plugins [exclusion list=, ]
2026-03-05 20:06:00,979 [INFO] PluginManage:310 - Check plugin analytics
2026-03-05 20:06:01,131 [INFO] AnalyticsPlugin:253 - Accepted Software Licenses: STM32CubeMX.6.15.0
2026-03-05 20:06:01,132 [INFO] AnalyticsPlugin:255 - Accepted CMSIS Pack Licenses: 
2026-03-05 20:06:01,132 [INFO] AnalyticsPlugin:257 - Accepted Firmware Licenses: FW.G4.1.6.0
2026-03-05 20:06:01,143 [INFO] PluginManage:359 - Loaded plugin analytics (category:tool,tabindex:-1)
2026-03-05 20:06:01,144 [INFO] PluginManage:310 - Check plugin cadmodel
2026-03-05 20:06:01,148 [INFO] CADModel:105 - Init CAD model plugin
2026-03-05 20:06:01,148 [INFO] PluginManage:359 - Loaded plugin cadmodel (category:power,tabindex:5)
2026-03-05 20:06:01,149 [INFO] PluginManage:310 - Check plugin clock
2026-03-05 20:06:01,158 [INFO] PluginManage:359 - Loaded plugin clock (category:base,tabindex:2)
2026-03-05 20:06:01,158 [INFO] PluginManage:310 - Check plugin ddr
2026-03-05 20:06:01,160 [INFO] PluginManage:359 - Loaded plugin ddr (category:tool,tabindex:6)
2026-03-05 20:06:01,160 [INFO] PluginManage:310 - Check plugin filemanager
2026-03-05 20:06:01,287 [INFO] PluginManage:359 - Loaded plugin filemanager (category:base,tabindex:10)
2026-03-05 20:06:01,288 [INFO] PluginManage:310 - Check plugin ipmanager
2026-03-05 20:06:01,293 [INFO] PluginManage:359 - Loaded plugin ipmanager (category:base,tabindex:5)
2026-03-05 20:06:01,293 [INFO] PluginManage:310 - Check plugin lpbam
2026-03-05 20:06:01,300 [INFO] PluginManage:359 - Loaded plugin lpbam (category:base,tabindex:0)
2026-03-05 20:06:01,300 [INFO] PluginManage:310 - Check plugin memorymap
2026-03-05 20:06:01,308 [INFO] PluginManage:359 - Loaded plugin memorymap (category:base,tabindex:4)
2026-03-05 20:06:01,308 [INFO] PluginManage:310 - Check plugin pinoutandconfiguration
2026-03-05 20:06:01,314 [INFO] PluginManage:359 - Loaded plugin pinoutandconfiguration (category:base,tabindex:1)
2026-03-05 20:06:01,314 [INFO] PluginManage:310 - Check plugin pinoutconfig
2026-03-05 20:06:01,386 [WARN] SupportedApi:132 - Cannot load RTOS API schema: s4s-elt-must-match.1: The content of 'definitions' must match (annotation?, (simpleType | complexType)?, (unique | key | keyref)*)). A problem was found starting at: attribute.
2026-03-05 20:06:01,502 [INFO] PluginManage:359 - Loaded plugin pinoutconfig (category:base,tabindex:0)
2026-03-05 20:06:01,502 [INFO] PluginManage:310 - Check plugin power
2026-03-05 20:06:01,509 [INFO] PluginManage:359 - Loaded plugin power (category:power,tabindex:4)
2026-03-05 20:06:01,509 [INFO] PluginManage:310 - Check plugin projectmanager
2026-03-05 20:06:01,522 [INFO] PluginManage:359 - Loaded plugin projectmanager (category:projectmanager,tabindex:4)
2026-03-05 20:06:01,522 [INFO] PluginManage:310 - Check plugin rif
2026-03-05 20:06:01,530 [INFO] PluginManage:359 - Loaded plugin rif (category:base,tabindex:3)
2026-03-05 20:06:01,530 [INFO] PluginManage:310 - Check plugin thirdparty
2026-03-05 20:06:01,642 [INFO] PluginManage:359 - Loaded plugin thirdparty (category:base,tabindex:-1)
2026-03-05 20:06:01,642 [WARN] IntegrityCheckThread:84 - waiting for thirdparty lock release [integrity check]
2026-03-05 20:06:01,642 [INFO] PluginManage:310 - Check plugin tools
2026-03-05 20:06:01,643 [INFO] IntegrityCheckThread:86 - entering critical section [integrity check]
2026-03-05 20:06:01,643 [INFO] ThirdPartyUpdaterWithRetryManager:70 - Updater plugin not ready yet. [1/15]
2026-03-05 20:06:01,645 [INFO] PluginManage:359 - Loaded plugin tools (category:base,tabindex:7)
2026-03-05 20:06:01,645 [INFO] PluginManage:310 - Check plugin tutovideos
2026-03-05 20:06:01,851 [INFO] PluginManage:359 - Loaded plugin tutovideos (category:base,tabindex:-1)
2026-03-05 20:06:01,851 [INFO] PluginManage:310 - Check plugin updater
2026-03-05 20:06:01,869 [INFO] PluginManage:359 - Loaded plugin updater (category:base,tabindex:12)
2026-03-05 20:06:01,869 [INFO] PluginManage:310 - Check plugin userauth
2026-03-05 20:06:01,873 [INFO] UserAuth:118 - Init User Auth plugin
2026-03-05 20:06:01,874 [INFO] PluginManage:359 - Loaded plugin userauth (category:base,tabindex:14)
2026-03-05 20:06:01,874 [INFO] PluginManage:283 - PluginManage : Loaded plugins [18]
2026-03-05 20:06:02,045 [INFO] PinOutPanel:1589 - setPackage(No Configuration,No Configuration)
2026-03-05 20:06:02,108 [INFO] CADModel:165 - CPN selected for project level
2026-03-05 20:06:02,108 [INFO] CADModel:114 - Register for checkConnection events
2026-03-05 20:06:02,121 [INFO] IPUIPlugin:80 - create IPUIPlugin
2026-03-05 20:06:02,121 [INFO] PluginManager:220 - loadIPPluginJar : add adc
2026-03-05 20:06:02,123 [INFO] IPUIPlugin:80 - create IPUIPlugin
2026-03-05 20:06:02,123 [INFO] PluginManager:220 - loadIPPluginJar : add aes
2026-03-05 20:06:02,125 [INFO] IPUIPlugin:80 - create IPUIPlugin
2026-03-05 20:06:02,125 [INFO] PluginManager:220 - loadIPPluginJar : add can
2026-03-05 20:06:02,126 [INFO] IPUIPlugin:80 - create IPUIPlugin
2026-03-05 20:06:02,126 [INFO] PluginManager:220 - loadIPPluginJar : add comp
2026-03-05 20:06:02,128 [INFO] IPUIPlugin:80 - create IPUIPlugin
2026-03-05 20:06:02,128 [INFO] PluginManager:220 - loadIPPluginJar : add cryp
2026-03-05 20:06:02,130 [INFO] IPUIPlugin:80 - create IPUIPlugin
2026-03-05 20:06:02,130 [INFO] PluginManager:220 - loadIPPluginJar : add ddr_ctrl_phy
2026-03-05 20:06:02,132 [INFO] IPUIPlugin:80 - create IPUIPlugin
2026-03-05 20:06:02,132 [INFO] PluginManager:220 - loadIPPluginJar : add dfsdm
2026-03-05 20:06:02,137 [INFO] IPUIPlugin:80 - create IPUIPlugin
2026-03-05 20:06:02,137 [INFO] PluginManager:220 - loadIPPluginJar : add dma
2026-03-05 20:06:02,139 [INFO] IPUIPlugin:80 - create IPUIPlugin
2026-03-05 20:06:02,139 [INFO] PluginManager:220 - loadIPPluginJar : add dma3
2026-03-05 20:06:02,141 [INFO] IPUIPlugin:80 - create IPUIPlugin
2026-03-05 20:06:02,141 [INFO] PluginManager:220 - loadIPPluginJar : add extmemmanager
2026-03-05 20:06:02,142 [INFO] IPUIPlugin:80 - create IPUIPlugin
2026-03-05 20:06:02,143 [INFO] PluginManager:220 - loadIPPluginJar : add fatfs
2026-03-05 20:06:02,145 [INFO] IPUIPlugin:80 - create IPUIPlugin
2026-03-05 20:06:02,146 [INFO] PluginManager:220 - loadIPPluginJar : add fmc
2026-03-05 20:06:02,151 [INFO] IPUIPlugin:80 - create IPUIPlugin
2026-03-05 20:06:02,151 [INFO] PluginManager:220 - loadIPPluginJar : add freertos
2026-03-05 20:06:02,153 [INFO] IPUIPlugin:80 - create IPUIPlugin
2026-03-05 20:06:02,153 [INFO] PluginManager:220 - loadIPPluginJar : add genericplugin
2026-03-05 20:06:02,154 [INFO] IPUIPlugin:80 - create IPUIPlugin
2026-03-05 20:06:02,154 [INFO] PluginManager:220 - loadIPPluginJar : add gfxmmu
2026-03-05 20:06:02,158 [INFO] IPUIPlugin:80 - create IPUIPlugin
2026-03-05 20:06:02,158 [INFO] PluginManager:220 - loadIPPluginJar : add gic
2026-03-05 20:06:02,161 [INFO] IPUIPlugin:80 - create IPUIPlugin
2026-03-05 20:06:02,161 [INFO] PluginManager:220 - loadIPPluginJar : add gpio
2026-03-05 20:06:02,163 [INFO] IPUIPlugin:80 - create IPUIPlugin
2026-03-05 20:06:02,163 [INFO] PluginManager:220 - loadIPPluginJar : add gtzc
2026-03-05 20:06:02,164 [INFO] IPUIPlugin:80 - create IPUIPlugin
2026-03-05 20:06:02,165 [INFO] PluginManager:220 - loadIPPluginJar : add hash
2026-03-05 20:06:02,167 [INFO] IPUIPlugin:80 - create IPUIPlugin
2026-03-05 20:06:02,167 [INFO] PluginManager:220 - loadIPPluginJar : add i2c
2026-03-05 20:06:02,169 [INFO] IPUIPlugin:80 - create IPUIPlugin
2026-03-05 20:06:02,169 [INFO] PluginManager:220 - loadIPPluginJar : add i2s
2026-03-05 20:06:02,171 [INFO] IPUIPlugin:80 - create IPUIPlugin
2026-03-05 20:06:02,171 [INFO] PluginManager:220 - loadIPPluginJar : add i3c
2026-03-05 20:06:02,173 [INFO] IPUIPlugin:80 - create IPUIPlugin
2026-03-05 20:06:02,173 [INFO] PluginManager:220 - loadIPPluginJar : add ipddr
2026-03-05 20:06:02,179 [INFO] IPUIPlugin:80 - create IPUIPlugin
2026-03-05 20:06:02,179 [INFO] PluginManager:220 - loadIPPluginJar : add linkedlist
2026-03-05 20:06:02,182 [INFO] IPUIPlugin:80 - create IPUIPlugin
2026-03-05 20:06:02,182 [INFO] PluginManager:220 - loadIPPluginJar : add lorawan
2026-03-05 20:06:02,183 [INFO] IPUIPlugin:80 - create IPUIPlugin
2026-03-05 20:06:02,183 [INFO] PluginManager:220 - loadIPPluginJar : add ltdc
2026-03-05 20:06:02,188 [INFO] IPUIPlugin:80 - create IPUIPlugin
2026-03-05 20:06:02,188 [INFO] PluginManager:220 - loadIPPluginJar : add mdma
2026-03-05 20:06:02,190 [INFO] IPUIPlugin:80 - create IPUIPlugin
2026-03-05 20:06:02,191 [INFO] PluginManager:220 - loadIPPluginJar : add nvic
2026-03-05 20:06:02,193 [INFO] IPUIPlugin:80 - create IPUIPlugin
2026-03-05 20:06:02,193 [INFO] PluginManager:220 - loadIPPluginJar : add opamp
2026-03-05 20:06:02,195 [INFO] IPUIPlugin:80 - create IPUIPlugin
2026-03-05 20:06:02,195 [INFO] PluginManager:220 - loadIPPluginJar : add openamp
2026-03-05 20:06:02,198 [INFO] IPUIPlugin:80 - create IPUIPlugin
2026-03-05 20:06:02,198 [INFO] PluginManager:220 - loadIPPluginJar : add pdm2pcm
2026-03-05 20:06:02,202 [INFO] IPUIPlugin:80 - create IPUIPlugin
2026-03-05 20:06:02,205 [INFO] PluginManager:220 - loadIPPluginJar : add plateformsettings
2026-03-05 20:06:02,206 [INFO] IPUIPlugin:80 - create IPUIPlugin
2026-03-05 20:06:02,206 [INFO] PluginManager:220 - loadIPPluginJar : add quadspi
2026-03-05 20:06:02,208 [INFO] IPUIPlugin:80 - create IPUIPlugin
2026-03-05 20:06:02,208 [INFO] PluginManager:220 - loadIPPluginJar : add radio
2026-03-05 20:06:02,211 [INFO] IPUIPlugin:80 - create IPUIPlugin
2026-03-05 20:06:02,211 [INFO] PluginManager:220 - loadIPPluginJar : add resmgrutility
2026-03-05 20:06:02,213 [INFO] IPUIPlugin:80 - create IPUIPlugin
2026-03-05 20:06:02,213 [INFO] PluginManager:220 - loadIPPluginJar : add sai
2026-03-05 20:06:02,215 [INFO] IPUIPlugin:80 - create IPUIPlugin
2026-03-05 20:06:02,215 [INFO] PluginManager:220 - loadIPPluginJar : add spi
2026-03-05 20:06:02,220 [INFO] IPUIPlugin:80 - create IPUIPlugin
2026-03-05 20:06:02,220 [INFO] PluginManager:220 - loadIPPluginJar : add stm32_wpan
2026-03-05 20:06:02,222 [INFO] IPUIPlugin:80 - create IPUIPlugin
2026-03-05 20:06:02,222 [INFO] PluginManager:220 - loadIPPluginJar : add tim
2026-03-05 20:06:02,224 [INFO] IPUIPlugin:80 - create IPUIPlugin
2026-03-05 20:06:02,225 [INFO] PluginManager:220 - loadIPPluginJar : add touchsensing
2026-03-05 20:06:02,226 [INFO] IPUIPlugin:80 - create IPUIPlugin
2026-03-05 20:06:02,226 [INFO] PluginManager:220 - loadIPPluginJar : add tracer_emb
2026-03-05 20:06:02,228 [INFO] IPUIPlugin:80 - create IPUIPlugin
2026-03-05 20:06:02,228 [INFO] PluginManager:220 - loadIPPluginJar : add ts
2026-03-05 20:06:02,229 [INFO] IPUIPlugin:80 - create IPUIPlugin
2026-03-05 20:06:02,229 [INFO] PluginManager:220 - loadIPPluginJar : add tsc
2026-03-05 20:06:02,231 [INFO] IPUIPlugin:80 - create IPUIPlugin
2026-03-05 20:06:02,231 [INFO] PluginManager:220 - loadIPPluginJar : add ucpd
2026-03-05 20:06:02,232 [INFO] IPUIPlugin:80 - create IPUIPlugin
2026-03-05 20:06:02,232 [INFO] PluginManager:220 - loadIPPluginJar : add usart
2026-03-05 20:06:02,235 [INFO] IPUIPlugin:80 - create IPUIPlugin
2026-03-05 20:06:02,235 [INFO] PluginManager:220 - loadIPPluginJar : add usbx
2026-03-05 20:06:02,347 [FATAL] Updater:351 - Updater called before beeing initialized
2026-03-05 20:06:02,368 [INFO] RulesReader:64 - Compatibility file has been processed (317 Rules)
2026-03-05 20:06:02,375 [INFO] RulesReader:64 - Compatibility file has been processed (317 Rules)
2026-03-05 20:06:02,382 [INFO] CADModel:165 - CPN selected for project level
2026-03-05 20:06:02,383 [INFO] CADModel:114 - Register for checkConnection events
2026-03-05 20:06:02,383 [FATAL] Updater:351 - Updater called before beeing initialized
2026-03-05 20:06:02,383 [ERROR] CADModel:125 - Updater not yet initialized, retry later 
2026-03-05 20:06:02,495 [FATAL] Updater:351 - Updater called before beeing initialized
2026-03-05 20:06:02,497 [INFO] CADModel:165 - CPN selected for project level
2026-03-05 20:06:02,497 [INFO] CADModel:114 - Register for checkConnection events
2026-03-05 20:06:02,497 [FATAL] Updater:351 - Updater called before beeing initialized
2026-03-05 20:06:02,497 [ERROR] CADModel:125 - Updater not yet initialized, retry later 
2026-03-05 20:06:02,500 [FATAL] Updater:351 - Updater called before beeing initialized
2026-03-05 20:06:02,586 [FATAL] Updater:351 - Updater called before beeing initialized
2026-03-05 20:06:02,589 [INFO] DbMcusAds:53 - JSON generation date=Thu Mar 05 15:32:52 CET 2026 (1772721172610)
2026-03-05 20:06:02,590 [FATAL] Updater:351 - Updater called before beeing initialized
2026-03-05 20:06:02,617 [WARN] DetailPanel:346 - Failed to get advertising image, set to default
2026-03-05 20:06:02,687 [FATAL] Updater:351 - Updater called before beeing initialized
2026-03-05 20:06:02,688 [FATAL] Updater:351 - Updater called before beeing initialized
2026-03-05 20:06:02,689 [FATAL] Updater:351 - Updater called before beeing initialized
2026-03-05 20:06:02,689 [WARN] DetailPanel:346 - Failed to get advertising image, set to default
2026-03-05 20:06:02,690 [FATAL] Updater:351 - Updater called before beeing initialized
2026-03-05 20:06:02,731 [ERROR] Updater:1198 - MainUpdater not yet initialized. External WinMGr cannot be set.
2026-03-05 20:06:02,733 [INFO] Updater:1134 - Updater Version found : 6.15.0
2026-03-05 20:06:02,752 [INFO] ApplicationProperties:184 - Using Application install path: C:\ST\STM32CubeIDE_1.19.0\STM32CubeIDE\plugins\com.st.stm32cube.common.mx_6.15.0.202507011659
2026-03-05 20:06:04,322 [ERROR] LogOutputStream:75 - [STDERR_REDIRECT] Mar 05, 2026 8:06:04 PM java.util.prefs.WindowsPreferences <init>
2026-03-05 20:06:04,323 [ERROR] LogOutputStream:75 - [STDERR_REDIRECT] WARNING: Could not open/create prefs root node Software\JavaSoft\Prefs at root 0xffffffff80000002. Windows RegCreateKeyEx(...) returned error code 5.
2026-03-05 20:06:04,323 [ERROR] LogOutputStream:75 - [STDERR_REDIRECT] 
2026-03-05 20:06:04,568 [INFO] MainUpdater:2872 - connection check result : 10
2026-03-05 20:06:04,569 [INFO] MainUpdater:289 - Updater Check For Update Now.
2026-03-05 20:06:04,569 [INFO] MicroXplorer:498 - Change Database Version : DB.6.0.150
2026-03-05 20:06:04,574 [INFO] McuFinderGlobals:63 - Set McuFinder mode to 2 (CubeIDE integrated)
2026-03-05 20:06:04,574 [INFO] UserAuth:487 - Internet connection configuration mode: 1
2026-03-05 20:06:04,591 [INFO] JxBrowserEngine:152 - Initiate JxBrowser Engine with user profile folder
2026-03-05 20:06:04,644 [WARN] MainUpdater:1193 - Updater busy. Cannot search thirdparties
2026-03-05 20:06:04,644 [INFO] ThirdPartyUpdaterWithRetryManager:96 - Updater plugin is busy. [1/15]
2026-03-05 20:06:04,736 [INFO] CheckServerUpdateThread:120 - End of CheckServer Thread
2026-03-05 20:06:05,133 [INFO] WebApp:169 - Instantiating new browser for Auth
2026-03-05 20:06:05,669 [INFO] WebApp:463 - Apply proxy settings
2026-03-05 20:06:05,669 [INFO] WebApp:548 - Chromium requires no authentication
2026-03-05 20:06:05,679 [INFO] WebApp:491 - Direct internet connection detected
2026-03-05 20:06:05,708 [INFO] WebApp:900 - Register for checkConnection events
2026-03-05 20:06:05,708 [INFO] WebApp:463 - Apply proxy settings
2026-03-05 20:06:05,708 [INFO] WebApp:548 - Chromium requires no authentication
2026-03-05 20:06:05,709 [INFO] WebApp:491 - Direct internet connection detected
2026-03-05 20:06:05,861 [INFO] WebApp:225 - Starting web application
2026-03-05 20:06:05,861 [INFO] WebApp:593 - Web application path used C:\ST\STM32CubeIDE_1.19.0\STM32CubeIDE\plugins\com.st.stm32cube.common.mx_6.15.0.202507011659\db\plugins\mcufinder\reactClient1\index.html
2026-03-05 20:06:05,967 [INFO] UserAuth:487 - Internet connection configuration mode: 1
2026-03-05 20:06:05,997 [INFO] WebApp:191 - Connection restablished
2026-03-05 20:06:07,856 [WARN] PackLoader:240 - Cannot read IP mode file for STMicroelectronics.X-CUBE-AZRTOS-H7.3.5.0
2026-03-05 20:06:07,866 [WARN] PackLoader:240 - Cannot read IP mode file for STMicroelectronics.FP-SNS-MOTENVWB1.1.4.0
2026-03-05 20:06:07,872 [WARN] PackLoader:240 - Cannot read IP mode file for STMicroelectronics.FP-ATR-ASTRA1.2.0.2
2026-03-05 20:06:07,879 [WARN] PackLoader:240 - Cannot read IP mode file for STMicroelectronics.X-CUBE-SMBUS.2.1.0
2026-03-05 20:06:07,885 [WARN] PackLoader:240 - Cannot read IP mode file for STMicroelectronics.X-CUBE-ST60.1.0.0
2026-03-05 20:06:07,904 [WARN] PackLoader:240 - Cannot read IP mode file for STMicroelectronics.X-CUBE-AZRTOS-F7.1.1.0
2026-03-05 20:06:07,912 [WARN] PackLoader:240 - Cannot read IP mode file for Cesanta.I-CUBE-Mongoose.7.19.0
2026-03-05 20:06:07,916 [WARN] PackLoader:240 - Cannot read IP mode file for STMicroelectronics.FP-SNS-MOTENV1.5.1.0
2026-03-05 20:06:07,926 [WARN] PackLoader:240 - Cannot read IP mode file for WES.I-CUBE-Cesium.1.4.0
2026-03-05 20:06:07,947 [WARN] PackLoader:240 - Cannot read IP mode file for Infineon.AIROC-Wi-Fi-Bluetooth-STM32.1.7.1
2026-03-05 20:06:07,972 [WARN] PackLoader:240 - Cannot read IP mode file for STMicroelectronics.X-CUBE-AZRTOS-H7.3.4.0
2026-03-05 20:06:07,982 [WARN] PackLoader:240 - Cannot read IP mode file for STMicroelectronics.X-CUBE-DISPLAY.3.0.0
2026-03-05 20:06:07,988 [WARN] PackLoader:240 - Cannot read IP mode file for STMicroelectronics.FP-SNS-MOTENVWB1.1.5.0
2026-03-05 20:06:07,994 [WARN] PackLoader:240 - Cannot read IP mode file for STMicroelectronics.X-CUBE-NFC10.1.0.0
2026-03-05 20:06:07,999 [WARN] PackLoader:240 - Cannot read IP mode file for STMicroelectronics.X-CUBE-ST60.1.1.0
2026-03-05 20:06:08,004 [WARN] PackLoader:240 - Cannot read IP mode file for emotas.I-CUBE-CANOPEN.1.3.0
2026-03-05 20:06:08,007 [WARN] PackLoader:240 - Cannot read IP mode file for STMicroelectronics.X-CUBE-GNSS1.7.1.0
2026-03-05 20:06:08,013 [WARN] PackLoader:240 - Cannot read IP mode file for STMicroelectronics.FP-SNS-STBOX1.2.1.0
2026-03-05 20:06:08,029 [WARN] PackLoader:240 - Cannot read IP mode file for STMicroelectronics.FP-SNS-SMARTAG2.1.2.0
2026-03-05 20:06:08,033 [WARN] PackLoader:240 - Cannot read IP mode file for STMicroelectronics.FP-SNS-FLIGHT1.5.1.0
2026-03-05 20:06:08,039 [INFO] LogOutputStream:77 - [STDOUT_REDIRECT] 1 : Invalid condition id : UX_CORESTACK_Condition cause : null
2026-03-05 20:06:08,040 [INFO] LogOutputStream:77 - [STDOUT_REDIRECT] 1 : Invalid condition id : UX_CORESTACK_Condition cause : null
2026-03-05 20:06:08,042 [INFO] LogOutputStream:77 - [STDOUT_REDIRECT] 1 : Invalid condition id : UX_CORESTACK_Condition cause : null
2026-03-05 20:06:08,043 [INFO] LogOutputStream:77 - [STDOUT_REDIRECT] 1 : Invalid condition id : UX_CORESTACK_Condition cause : null
2026-03-05 20:06:08,043 [INFO] LogOutputStream:77 - [STDOUT_REDIRECT] 1 : Invalid condition id : UX_CORESTACK_Condition cause : null
2026-03-05 20:06:08,045 [WARN] PackLoader:240 - Cannot read IP mode file for STMicroelectronics.X-CUBE-AZRTOS-WL.2.0.0
2026-03-05 20:06:08,050 [WARN] PackLoader:240 - Cannot read IP mode file for STMicroelectronics.FP-SNS-MOTENV1.5.0.0
2026-03-05 20:06:08,060 [WARN] PackLoader:240 - Cannot read IP mode file for STMicroelectronics.X-CUBE-AZRTOS-H7RS.1.2.0
2026-03-05 20:06:08,066 [WARN] PackLoader:240 - Cannot read IP mode file for STMicroelectronics.X-CUBE-BLE2.3.3.0
2026-03-05 20:06:08,083 [WARN] PackLoader:240 - Cannot read IP mode file for STMicroelectronics.X-CUBE-NFC9.1.0.0
2026-03-05 20:06:08,088 [WARN] PackLoader:240 - Cannot read IP mode file for wolfSSL.I-CUBE-wolfSSL.5.8.2
2026-03-05 20:06:08,092 [WARN] PackLoader:240 - Cannot read IP mode file for STMicroelectronics.X-CUBE-BLE1.7.1.0
2026-03-05 20:06:08,094 [WARN] PackLoader:240 - Cannot read IP mode file for wolfSSL.I-CUBE-wolfMQTT.1.19.2
2026-03-05 20:06:08,099 [WARN] PackLoader:240 - Cannot read IP mode file for STMicroelectronics.X-CUBE-FREERTOS.1.4.0
2026-03-05 20:06:08,103 [WARN] PackLoader:240 - Cannot read IP mode file for STMicroelectronics.X-CUBE-EEPRMA1.5.2.0
2026-03-05 20:06:08,109 [WARN] PackLoader:240 - Cannot read IP mode file for STMicroelectronics.X-CUBE-ST67W61.1.1.0
2026-03-05 20:06:08,134 [WARN] PackLoader:240 - Cannot read IP mode file for STMicroelectronics.X-CUBE-MEMS1.12.0.0
2026-03-05 20:06:08,199 [WARN] PackLoader:240 - Cannot read IP mode file for STMicroelectronics.X-CUBE-AZRTOS-G0.1.1.0
2026-03-05 20:06:08,204 [WARN] PackLoader:240 - Cannot read IP mode file for STMicroelectronics.X-CUBE-SAFEA1.1.2.2
2026-03-05 20:06:08,209 [WARN] PackLoader:240 - Cannot read IP mode file for STMicroelectronics.X-CUBE-NFC4.3.0.0
2026-03-05 20:06:08,215 [WARN] PackLoader:240 - Cannot read IP mode file for EmbeddedOffice.I-CUBE-FS-RTOS.1.0.1
2026-03-05 20:06:08,219 [WARN] PackLoader:240 - Cannot read IP mode file for STMicroelectronics.X-CUBE-WB05N.2.0.0
2026-03-05 20:06:08,222 [WARN] PackLoader:240 - Cannot read IP mode file for wolfSSL.I-CUBE-wolfTPM.3.8.0
2026-03-05 20:06:08,226 [WARN] PackLoader:240 - Cannot read IP mode file for STMicroelectronics.X-CUBE-TCPP.4.2.0
2026-03-05 20:06:08,237 [WARN] PackLoader:240 - Cannot read IP mode file for RealThread.X-CUBE-RT-Thread_Nano.4.1.1
2026-03-05 20:06:08,242 [WARN] PackLoader:240 - Cannot read IP mode file for STMicroelectronics.FP-ATR-SIGFOX1.3.2.0
2026-03-05 20:06:08,247 [WARN] PackLoader:240 - Cannot read IP mode file for STMicroelectronics.X-CUBE-FREERTOS.1.5.0
2026-03-05 20:06:08,252 [WARN] PackLoader:240 - Cannot read IP mode file for ITTIA_DB.I-CUBE-ITTIADB.8.9.0
2026-03-05 20:06:08,259 [WARN] PackLoader:240 - Cannot read IP mode file for STMicroelectronics.X-CUBE-NFC6.3.2.0
2026-03-05 20:06:08,267 [WARN] PackLoader:240 - Cannot read IP mode file for STMicroelectronics.X-CUBE-AI.10.2.0
2026-03-05 20:06:08,311 [WARN] PackLoader:240 - Cannot read IP mode file for SEGGER.I-CUBE-embOS.1.3.1
2026-03-05 20:06:08,339 [WARN] PackLoader:240 - Cannot read IP mode file for STMicroelectronics.X-CUBE-ALGOBUILD.1.4.0
2026-03-05 20:06:08,365 [WARN] PackLoader:240 - Cannot read IP mode file for STMicroelectronics.X-CUBE-MEMS1.11.3.0
2026-03-05 20:06:08,439 [WARN] PackLoader:240 - Cannot read IP mode file for STMicroelectronics.X-CUBE-PM33A1.1.0.0
2026-03-05 20:06:08,450 [WARN] PackLoader:240 - Cannot read IP mode file for STMicroelectronics.X-CUBE-AZRTOS-F4.1.1.0
2026-03-05 20:06:08,454 [WARN] PackLoader:240 - Cannot read IP mode file for STMicroelectronics.X-CUBE-ISPU.2.1.0
2026-03-05 20:06:08,462 [WARN] PackLoader:240 - Cannot read IP mode file for STMicroelectronics.X-CUBE-IPS.3.2.0
2026-03-05 20:06:08,469 [WARN] PackLoader:240 - Cannot read IP mode file for STMicroelectronics.X-CUBE-NFC12.1.0.0
2026-03-05 20:06:08,479 [WARN] PackLoader:240 - Cannot read IP mode file for STMicroelectronics.X-CUBE-AZRTOS-L5.2.0.0
2026-03-05 20:06:08,484 [WARN] PackLoader:240 - Cannot read IP mode file for STMicroelectronics.X-CUBE-NFC6.3.1.0
2026-03-05 20:06:08,488 [WARN] PackLoader:240 - Cannot read IP mode file for STMicroelectronics.X-CUBE-FREERTOS.1.3.1
2026-03-05 20:06:08,493 [WARN] PackLoader:240 - Cannot read IP mode file for STMicroelectronics.X-CUBE-TOUCHGFX.4.26.0
2026-03-05 20:06:08,495 [WARN] PackLoader:240 - Cannot read IP mode file for STMicroelectronics.X-CUBE-TOUCHGFX.4.26.1
2026-03-05 20:06:08,500 [WARN] PackLoader:240 - Cannot read IP mode file for STMicroelectronics.FP-SNS-STAIOTCFT.1.0.0
2026-03-05 20:06:08,503 [WARN] PackLoader:240 - Cannot read IP mode file for STMicroelectronics.X-CUBE-DPower.1.3.0
2026-03-05 20:06:08,513 [WARN] ConditionMgr:438 - getConditionDescription Invalid condition id : LAN8742 Phy interface Condition cause : null
2026-03-05 20:06:08,514 [WARN] PackLoader:240 - Cannot read IP mode file for STMicroelectronics.X-CUBE-AZRTOS-L4.2.0.0
2026-03-05 20:06:08,515 [WARN] ConditionMgr:1044 - genDependencies : Invalid condition id : LAN8742 Phy interface Condition cause : null
2026-03-05 20:06:08,515 [WARN] ConditionMgr:1044 - genDependencies : Invalid condition id : LAN8742 Phy interface Condition cause : null
2026-03-05 20:06:08,515 [WARN] ConditionMgr:1044 - genDependencies : Invalid condition id : LAN8742 Phy interface Condition cause : null
2026-03-05 20:06:08,521 [WARN] PackLoader:240 - Cannot read IP mode file for STMicroelectronics.X-CUBE-SFXS2LP1.4.0.0
2026-03-05 20:06:08,524 [WARN] PackLoader:240 - Cannot read IP mode file for STMicroelectronics.X-CUBE-ST67W61.1.2.0
2026-03-05 20:06:08,531 [WARN] PackLoader:240 - Cannot read IP mode file for STMicroelectronics.X-CUBE-BLEMGR.4.1.0
2026-03-05 20:06:08,539 [WARN] ConditionMgr:438 - getConditionDescription Invalid condition id : UX DEVICE CLASS RTOS Condition cause : null
2026-03-05 20:06:08,539 [WARN] ConditionMgr:438 - getConditionDescription Invalid condition id : UX DEVICE CLASS RTOS Condition cause : null
2026-03-05 20:06:08,540 [WARN] PackLoader:240 - Cannot read IP mode file for STMicroelectronics.X-CUBE-AZRTOS-WB.2.0.0
2026-03-05 20:06:08,541 [WARN] ConditionMgr:1044 - genDependencies : Invalid condition id : UX DEVICE CLASS RTOS Condition cause : null
2026-03-05 20:06:08,541 [WARN] ConditionMgr:1044 - genDependencies : Invalid condition id : UX DEVICE CLASS RTOS Condition cause : null
2026-03-05 20:06:08,541 [WARN] ConditionMgr:1044 - genDependencies : Invalid condition id : UX DEVICE CLASS RTOS Condition cause : null
2026-03-05 20:06:08,541 [WARN] ConditionMgr:1044 - genDependencies : Invalid condition id : UX DEVICE CLASS RTOS Condition cause : null
2026-03-05 20:06:08,541 [WARN] ConditionMgr:1044 - genDependencies : Invalid condition id : UX DEVICE CLASS RTOS Condition cause : null
2026-03-05 20:06:08,544 [WARN] PackLoader:240 - Cannot read IP mode file for STMicroelectronics.X-CUBE-GNSS1.7.0.1
2026-03-05 20:06:08,548 [WARN] ConditionMgr:438 - getConditionDescription Invalid condition id : Cortex-A Device cause : null
2026-03-05 20:06:08,554 [WARN] ConditionMgr:1044 - genDependencies : Invalid condition id : Cortex-A Device cause : null
2026-03-05 20:06:08,554 [WARN] ConditionMgr:1044 - genDependencies : Invalid condition id : Cortex-A Device cause : null
2026-03-05 20:06:08,554 [WARN] ConditionMgr:1044 - genDependencies : Invalid condition id : Cortex-A Device cause : null
2026-03-05 20:06:08,558 [WARN] PackLoader:240 - Cannot read IP mode file for STMicroelectronics.X-CUBE-STSE01.2.0.0
2026-03-05 20:06:08,570 [WARN] PackLoader:240 - Cannot read IP mode file for STMicroelectronics.X-CUBE-SUBG2.5.0.0
2026-03-05 20:06:08,582 [WARN] PackLoader:240 - Cannot read IP mode file for STMicroelectronics.X-CUBE-AZRTOS-H7RS.1.1.0
2026-03-05 20:06:08,591 [WARN] PackLoader:240 - Cannot read IP mode file for STMicroelectronics.X-CUBE-AZRTOS-G4.2.0.0
2026-03-05 20:06:08,596 [WARN] PackLoader:240 - Cannot read IP mode file for wolfSSL.I-CUBE-wolfSSH.1.4.20
2026-03-05 20:06:08,599 [WARN] PackLoader:240 - Cannot read IP mode file for STMicroelectronics.X-CUBE-NFC7.2.0.0
2026-03-05 20:06:08,603 [WARN] PackLoader:240 - Cannot read IP mode file for STMicroelectronics.X-CUBE-ALS.1.0.2
2026-03-05 20:06:08,606 [WARN] PackLoader:240 - Cannot read IP mode file for STMicroelectronics.X-CUBE-STSE01.1.0.0
2026-03-05 20:06:08,613 [WARN] PackLoader:240 - Cannot read IP mode file for STMicroelectronics.X-CUBE-TOF1.3.4.3
2026-03-05 20:06:08,618 [INFO] ThirdParty:978 - Integrity check success = true
2026-03-05 20:06:08,618 [INFO] IntegrityCheckThread:100 - exiting critical section [integrity check]
2026-03-05 20:06:08,618 [INFO] IntegrityCheckThread:103 - End integrity checks thread
2026-03-05 20:07:03,542 [ERROR] LogOutputStream:75 - [STDERR_REDIRECT] 
2026-03-05 20:07:03,543 [ERROR] LogOutputStream:75 - [STDERR_REDIRECT] 
